<?xml version="1.0" encoding="UTF-8"?>
<!-- Generated by org.testng.reporters.JUnitXMLReporter -->
<testsuite ignored="0" hostname="TYSS-Jitendra" failures="0" tests="9" name="Test" time="36.947" errors="0" timestamp="2023-11-12T01:36:57 IST">
  <testcase classname="assignment.Assignment_1" name="test" time="6.351"/>
  <testcase classname="assignment.Assignment_2" name="test" time="2.17"/>
  <testcase classname="assignment.Assignment_5" name="test" time="5.058"/>
  <testcase classname="assignment.Assignment_6" name="test" time="3.251"/>
  <testcase classname="assignment.Assignment_3" name="test" time="5.651"/>
  <testcase classname="assignment.Assignment_4" name="test" time="4.564"/>
  <testcase classname="assignment.Generic_code_for_add_to_cart" name="test" time="2.815"/>
  <testcase classname="assignment.Assignment_7" name="test" time="3.128"/>
  <testcase classname="assignment.Assignment_8" name="test" time="3.922"/>
</testsuite> <!-- Test -->
