<?xml version="1.0" encoding="UTF-8"?>
<testng-results ignored="0" total="1" passed="1" failed="0" skipped="0">
  <reporter-output>
  </reporter-output>
  <suite started-at="2023-12-20T23:13:45 IST" name="Default suite" finished-at="2023-12-20T23:14:01 IST" duration-ms="15867">
    <groups>
    </groups>
    <test started-at="2023-12-20T23:13:45 IST" name="Default test" finished-at="2023-12-20T23:14:01 IST" duration-ms="15867">
      <class name="assignment.Assignment_1">
        <test-method signature="test()[pri:0, instance:assignment.Assignment_1@6bedbc4d]" started-at="2023-12-20T23:13:45 IST" name="test" finished-at="2023-12-20T23:14:01 IST" duration-ms="15777" status="PASS">
          <reporter-output>
          </reporter-output>
        </test-method> <!-- test -->
      </class> <!-- assignment.Assignment_1 -->
    </test> <!-- Default test -->
  </suite> <!-- Default suite -->
</testng-results>
